#
# There is insufficient memory for the Java Runtime Environment to continue.
# Native memory allocation (mmap) failed to map 134217728 bytes for G1 virtual space
# Possible reasons:
#   The system is out of physical RAM or swap space
#   The process is running with CompressedOops enabled, and the Java Heap may be blocking the growth of the native heap
# Possible solutions:
#   Reduce memory load on the system
#   Increase physical memory or swap space
#   Check if swap backing store is full
#   Decrease Java heap size (-Xmx/-Xms)
#   Decrease number of Java threads
#   Decrease Java thread stack sizes (-Xss)
#   Set larger code cache with -XX:ReservedCodeCacheSize=
#   JVM is running with Unscaled Compressed Oops mode in which the Java heap is
#     placed in the first 4GB address space. The Java Heap base address is the
#     maximum limit for the native heap growth. Please use -XX:HeapBaseMinAddress
#     to set the Java Heap base and to place the Java Heap above 4GB virtual address.
# This output file may be truncated or incomplete.
#
#  Out of Memory Error (os_windows.cpp:3753), pid=19516, tid=19536
#
# JRE version:  (17.0.4.1+7) (build )
# Java VM: OpenJDK 64-Bit Server VM (17.0.4.1+7-b469.62, mixed mode, sharing, tiered, compressed oops, compressed class ptrs, g1 gc, windows-amd64)
# No core dump will be written. Minidumps are not enabled by default on client versions of Windows
#

---------------  S U M M A R Y ------------

Command Line: git4idea.http.GitAskPassApp Username for 'https://github.com': 

Host: Intel(R) Core(TM) i5-6300U CPU @ 2.40GHz, 4 cores, 7G,  Windows 10 , 64 bit Build 19041 (10.0.19041.3393)
Time: Fri Oct  6 22:35:12 2023 Paris, Madrid (heure duild 19041 (10.0.19041.3393) elapsed time: 0.064345 seconds (0d 0h 0m 0s)

---------------  T H R E A D  ---------------

Current thread (0x00000224e7273be0):  JavaThread "Unknown thread" [_thread_in_vm, id=19536, stack(0x000000897c800000,0x000000897c900000)]

Stack: [0x000000897c800000,0x000000897c900000]
Native frames: (J=compiled Java code, j=interpreted, Vv=VM code, C=native code)
V  [jvm.dll+0x68356a]
V  [jvm.dll+0x83fab4]
V  [jvm.dll+0x84125e]
V  [jvm.dll+0x8418c3]
V  [jvm.dll+0x249735]
V  [jvm.dll+0x680439]
V  [jvm.dll+0x674a7a]
V  [jvm.dll+0x30956b]
V  [jvm.dll+0x310a26]
V  [jvm.dll+0x36089e]
V  [jvm.dll+0x360acf]
V  [jvm.dll+0x2df658]
V  [jvm.dll+0x2e05c4]
V  [jvm.dll+0x8112a1]
V  [jvm.dll+0x36e6f1]
V  [jvm.dll+0x7f076c]
V  [jvm.dll+0x3f180f]
V  [jvm.dll+0x3f3351]
C  [jli.dll+0x526b]
C  [ucrtbase.dll+0x21bb2]
C  [KERNEL32.DLL+0x17344]
C  [ntdll.dll+0x526b1]


---------------  P R O C E S S  ---------------

Threads class SMR info:
_java_thread_list=0x00007ffea90b7f58, length=0, elements={
}

Java Threads: ( => current thread )

Other Threads:
  0x00000224e72ce080 GCTaskThread "GC Thread#0" [stack: 0x000000897c900000,0x000000897ca00000] [id=19540]
  0x00000224e72dec00 ConcurrentGCThread "G1 Main Marker" [stack: 0x000000897ca00000,0x000000897cb00000] [id=19544]
  0x00000224e72df610 ConcurrentGCThread "G1 Conc#0" [stack: 0x000000897cb00000,0x000000897cc00000] [id=19548]

[error occurred during error reporting (printing all threads), id 0xc0000005, EXCEPTION_ACCESS_VIOLATION (0xc0000005) at pc=0x00007ffea8870217]

VM state: not at safepoint (not fully initialized)

VM Mutex/Monitor currently owned by a thread:  ([mutex/lock_event])
[0x00000224e726fd40] Heap_lock - owner thread: 0x00000224e7273be0

Heap address: 0x0000000081e00000, size: 2018 MB, Compressed Oops mode: 32-bit

CDS archive(s) mapped at: [0x0000000000000000-0x0000000000000000-0x0000000000000000), size 0, SharedBaseAddress: 0x0000000800000000, ArchiveRelocationMode: 0.
Narrow klass base: 0x0000000000000000, Narrow klass shift: 0, Narrow klass range: 0x0

GC Precious Log:
<Empty>

Heap:
 garbage-first heap   total 0K, used 0K [0x0000000081e00000, 0x0000000100000000)
  region size 1024K, 0 young (0K), 0 survivors (0K)

[error occurred during error reporting (printing heap information), id 0xc0000005, EXCEPTION_ACCESS_VIOLATION (0xc0000005) at pc=0x00007ffea8c5d1f9]

GC Heap History (0 events):
No events

Deoptimization events (0 events):
No events

Classes unloaded (0 events):
No events

Classes redefined (0 events):
No events

Internal exceptions (0 events):
No events

VM Operations (0 events):
No events

Events (1 events):
Event: 0.039 Loaded shared library C:\Program Files\JetBrains\IntelliJ IDEA 2022.2.3\jbr\bin\java.dll


Dynamic libraries:
0x00007ff730b10000 - 0x00007ff730b1a000 	C:\Program Files\JetBrains\IntelliJ IDEA 2022.2.3\jbr\bin\java.exe
0x00007fff07db0000 - 0x00007fff07fa8000 	C:\WINDOWS\SYSTEM32\ntdll.dll
0x00007fff05f10000 - 0x00007fff05fcd000 	C:\WINDOWS\System32\KERNEL32.DLL
0x00007fff05990000 - 0x00007fff05c86000 	C:\WINDOWS\System32\KERNELBASE.dll
0x00007fff05890000 - 0x00007fff05990000 	C:\WINDOWS\System32\ucrtbase.dll
0x00007ffed0f40000 - 0x00007ffed0f57000 	C:\Program Files\JetBrains\IntelliJ IDEA 2022.2.3\jbr\bin\jli.dll
0x00007fff07010000 - 0x00007fff071ae000 	C:\WINDOWS\System32\USER32.dll
0x00007fff05de0000 - 0x00007fff05e02000 	C:\WINDOWS\System32\win32u.dll
0x00007ffecf630000 - 0x00007ffecf64b000 	C:\Program Files\JetBrains\IntelliJ IDEA 2022.2.3\jbr\bin\VCRUNTIME140.dll
0x00007ffeefe40000 - 0x00007ffef00da000 	C:\WINDOWS\WinSxS\amd64_microsoft.windows.common-controls_6595b64144ccf1df_6.0.19041.1110_none_60b5254171f9507e\COMCTL32.dll
0x00007fff065f0000 - 0x00007fff0661c000 	C:\WINDOWS\System32\GDI32.dll
0x00007fff07cd0000 - 0x00007fff07d6e000 	C:\WINDOWS\System32\msvcrt.dll
0x00007fff05500000 - 0x00007fff0561a000 	C:\WINDOWS\System32\gdi32full.dll
0x00007fff05d40000 - 0x00007fff05ddd000 	C:\WINDOWS\System32\msvcp_win.dll
0x00007fff06720000 - 0x00007fff06750000 	C:\WINDOWS\System32\IMM32.DLL
0x00007ffef8c90000 - 0x00007ffef8c9c000 	C:\Program Files\JetBrains\IntelliJ IDEA 2022.2.3\jbr\bin\vcruntime140_1.dll
0x00007ffea19f0000 - 0x00007ffea1a7d000 	C:\Program Files\JetBrains\IntelliJ IDEA 2022.2.3\jbr\bin\msvcp140.dll
0x00007ffea8580000 - 0x00007ffea91e9000 	C:\Program Files\JetBrains\IntelliJ IDEA 2022.2.3\jbr\bin\server\jvm.dll
0x00007fff06400000 - 0x00007fff064ae000 	C:\WINDOWS\System32\ADVAPI32.dll
0x00007fff07330000 - 0x00007fff073cc000 	C:\WINDOWS\System32\sechost.dll
0x00007fff064c0000 - 0x00007fff065e6000 	C:\WINDOWS\System32\RPCRT4.dll
0x00007fff064b0000 - 0x00007fff064b8000 	C:\WINDOWS\System32\PSAPI.DLL
0x00007ffee4860000 - 0x00007ffee4869000 	C:\WINDOWS\SYSTEM32\WSOCK32.dll
0x00007ffed89c0000 - 0x00007ffed89e7000 	C:\WINDOWS\SYSTEM32\WINMM.dll
0x00007fff06620000 - 0x00007fff0668b000 	C:\WINDOWS\System32\WS2_32.dll
0x00007ffefa0e0000 - 0x00007ffefa0ea000 	C:\WINDOWS\SYSTEM32\VERSION.dll
0x00007fff03c70000 - 0x00007fff03c82000 	C:\WINDOWS\SYSTEM32\kernel.appcore.dll
0x00007fff02760000 - 0x00007fff0276a000 	C:\Program Files\JetBrains\IntelliJ IDEA 2022.2.3\jbr\bin\jimage.dll
0x00007ffefd490000 - 0x00007ffefd674000 	C:\WINDOWS\SYSTEM32\DBGHELP.DLL
0x00007ffef44c0000 - 0x00007ffef44f4000 	C:\WINDOWS\SYSTEM32\dbgcore.DLL
0x00007fff05800000 - 0x00007fff05882000 	C:\WINDOWS\System32\bcryptPrimitives.dll
0x00007ffef5990000 - 0x00007ffef59b5000 	C:\Program Files\JetBrains\IntelliJ IDEA 2022.2.3\jbr\bin\java.dll

dbghelp: loaded successfully - version: 4.0.5 - missing functions: none
symbol engine: initialized successfully - sym options: 0x614 - pdb path: .;C:\Program Files\JetBrains\IntelliJ IDEA 2022.2.3\jbr\bin;C:\WINDOWS\SYSTEM32;C:\WINDOWS\WinSxS\amd64_microsoft.windows.common-controls_6595b64144ccf1df_6.0.19041.1110_none_60b5254171f9507e;C:\Program Files\JetBrains\IntelliJ IDEA 2022.2.3\jbr\bin\server

VM Arguments:
java_command: git4idea.http.GitAskPassApp Username for 'https://github.com': 
java_class_path (initial): C:/Program Files/JetBrains/IntelliJ IDEA 2022.2.3/plugins/git4idea/lib/git4idea-rt.jar;C:/Program Files/JetBrains/IntelliJ IDEA 2022.2.3/lib/externalProcess-rt.jar;C:/Program Files/JetBrains/IntelliJ IDEA 2022.2.3/lib/app.jar;C:/Program Files/JetBrains/IntelliJ IDEA 2022.2.3/lib/3rd-party-rt.jar
Launcher Type: SUN_STANDARD

[Global flags]
     intx CICompilerCount                          = 3                                         {product} {ergonomic}
     uint ConcGCThreads                            = 1                                         {product} {ergonomic}
     uint G1ConcRefinementThreads                  = 4                                         {product} {ergonomic}
   size_t G1HeapRegionSize                         = 1048576                                   {product} {ergonomic}
    uintx GCDrainStackTargetSize                   = 64                                        {product} {ergonomic}
   size_t InitialHeapSize                          = 134217728                                 {product} {ergonomic}
   size_t MarkStackSize                            = 4194304                                   {product} {ergonomic}
   size_t MaxHeapSize                              = 2116026368                                {product} {ergonomic}
   size_t MinHeapDeltaBytes                        = 1048576                                   {product} {ergonomic}
   size_t MinHeapSize                              = 8388608                                   {product} {ergonomic}
    uintx NonNMethodCodeHeapSize                   = 5832780                                {pd product} {ergonomic}
    uintx NonProfiledCodeHeapSize                  = 122912730                              {pd product} {ergonomic}
    uintx ProfiledCodeHeapSize                     = 122912730                              {pd product} {ergonomic}
    uintx ReservedCodeCacheSize                    = 251658240                              {pd product} {ergonomic}
     bool SegmentedCodeCache                       = true                                      {product} {ergonomic}
   size_t SoftMaxHeapSize                          = 2116026368                             {manageable} {ergonomic}
     bool UseCompressedClassPointers               = true                           {product lp64_product} {ergonomic}
     bool UseCompressedOops                        = true                           {product lp64_product} {ergonomic}
     bool UseG1GC                                  = true                                      {product} {ergonomic}
     bool UseLargePagesIndividualAllocation        = false                                  {pd product} {ergonomic}

Logging:
Log output configuration:
 #0: stdout all=warning uptime,level,tags
 #1: stderr all=off uptime,level,tags

Environment Variables:
PATH=C:\Program Files\Git\mingw64\libexec\git-core;C:\Program Files\Git\mingw64\libexec\git-core;C:\Program Files\Git\mingw64\bin;C:\Program Files\Git\usr\bin;C:\Users\triangle info\bin;C:\Program Files\Java\jdk-17.0.1\bin;C:\Python\Python39\Scripts;C:\Python\Python39;C:\OracleXE\DB\OracleXE213_Win64\dbhomeXE\bin;C:\app\dbhomeXE\bin;C:\Program Files\Common Files\Oracle\Java\javapath;C:\WINDOWS\system32;C:\WINDOWS;C:\WINDOWS\System32\Wbem;C:\WINDOWS\System32\WindowsPowerShell\v1.0;C:\WINDOWS\System32\OpenSSH;C:\Anaconda;C:\Anaconda\Scripts;C:\Anaconda\lib\bin;C:\Anaconda\lib\usr\bin;C:\Anaconda\python.exe;C:\Program Files\gs\gs9.56.1\bin;C:\Program Files\Git\cmd;C:\Program Files\PuTTY;C:\Program Files\Rancher Desktop\resources\resources\win32\bin;C:\Program Files\Rancher Desktop\resources\resources\linux\bin;C:\Program Files\Go\bin;C:\Users\triangle info\go;C:\Program Files\nodejs;C:\Program Files\Docker\Docker\resources\bin;C:\Users\triangle info\AppData\Local\Microsoft\WindowsApps;C:\Program Files\JetBrains\PyCharm\bin;C:\Users\triangle info\AppData\Local\Programs\Microsoft VS Code\bin;C:\Anaconda\python.exe;C:\Program Files\gs\gs9.56.1\bin;C:\Program Files\gs\gs9.56.1\temp;C:\Program Files\JetBrains\IntelliJ IDEA 2022.2.3\bin;C:\Users\triangle info\go\bin;C:\Users\triangle info\AppData\Roaming\npm
USERNAME=triangle info
DISPLAY=:0.0
LC_ALL=en_US.UTF-8
TERM=xterm-256color
TMPDIR=C:\Users\TRIANG~1\AppData\Local\Temp
OS=Windows_NT
PROCESSOR_IDENTIFIER=Intel64 Family 6 Model 78 Stepping 3, GenuineIntel
TMP=C:\Users\TRIANG~1\AppData\Local\Temp
TEMP=C:\Users\TRIANG~1\AppData\Local\Temp



---------------  S Y S T E M  ---------------

OS:
 Windows 10 , 64 bit Build 19041 (10.0.19041.3393)
OS uptime: 0 days 9:05 hours
Hyper-V role detected

CPU: total 4 (initial active 4) (2 cores per cpu, 2 threads per core) family 6 model 78 stepping 3 microcode 0xcc, cx8, cmov, fxsr, ht, mmx, 3dnowpref, sse, sse2, sse3, ssse3, sse4.1, sse4.2, popcnt, lzcnt, tsc, tscinvbit, avx, avx2, aes, erms, clmul, bmi1, bmi2, rtm, adx, fma, vzeroupper, clflush, clflushopt, hv

Memory: 4k page, system-wide physical 8071M (508M free)
TotalPageFile size 18324M (AvailPageFile size 96M)
current process WorkingSet (physical memory assigned to process): 10M, peak: 10M
current process commit charge ("private bytes"): 51M, peak: 179M

vm_info: OpenJDK 64-Bit Server VM (17.0.4.1+7-b469.62) for windows-amd64 JRE (17.0.4.1+7-b469.62), built on 2022-09-22 by "builduser" with MS VC++ 16.10 / 16.11 (VS2019)

END.
